<?xml version="1.0" encoding="UTF-8"?>
<!-- Generated by org.testng.reporters.JUnitXMLReporter -->
<testsuite ignored="0" hostname="MonaMac" failures="1" tests="42" name="Test" time="631.046" errors="0" timestamp="14 Jun 2022 12:22:20 GMT">
  <testcase classname="com.cloudmiracle.qa.testcases.SignUpPageTestCases" name="verifyCmpLogoImg" time="0.185"/>
  <testcase classname="com.cloudmiracle.qa.testcases.LoginPageTestcases" name="verifyLoginPageTitle" time="0.015"/>
  <testcase classname="com.cloudmiracle.qa.testcases.CompanyListPageTestcases" name="verifyTimeLeftElement" time="4.587"/>
  <testcase classname="com.cloudmiracle.qa.testcases.SignUpPageTestCases" name="verifyBackgroundImg" time="0.047"/>
  <testcase classname="com.cloudmiracle.qa.testcases.LoginPageTestcases" name="verifyCmpLogoImg" time="0.041"/>
  <testcase classname="com.cloudmiracle.qa.testcases.CompanyListPageTestcases" name="verifyUserNameElement" time="15.219"/>
  <testcase classname="com.cloudmiracle.qa.testcases.SignUpPageTestCases" name="verifySignUpPageCaption" time="0.05"/>
  <testcase classname="com.cloudmiracle.qa.testcases.LoginPageTestcases" name="verifyBackgroundImg" time="0.055"/>
  <testcase classname="com.cloudmiracle.qa.testcases.CompanyListPageTestcases" name="verifyLogoutElement" time="4.084"/>
  <testcase classname="com.cloudmiracle.qa.testcases.SignUpPageTestCases" name="verifyLoginLink" time="0.042"/>
  <testcase classname="com.cloudmiracle.qa.testcases.LoginPageTestcases" name="verifyLoginPageCaption" time="0.049"/>
  <testcase classname="com.cloudmiracle.qa.testcases.CompanyListPageTestcases" name="verifyCmpListPageCaption" time="15.187"/>
  <testcase classname="com.cloudmiracle.qa.testcases.SignUpPageTestCases" name="verifyLoginLinkEnable" time="0.042"/>
  <testcase classname="com.cloudmiracle.qa.testcases.LoginPageTestcases" name="verifySignUpLink" time="0.041"/>
  <testcase classname="com.cloudmiracle.qa.testcases.CompanyListPageTestcases" name="verifySearchElement" time="15.537"/>
  <testcase classname="com.cloudmiracle.qa.testcases.SignUpPageTestCases" name="verifyLoginText" time="0.027"/>
  <testcase classname="com.cloudmiracle.qa.testcases.LoginPageTestcases" name="verifySignUpLinkEnable" time="0.028"/>
  <testcase classname="com.cloudmiracle.qa.testcases.CompanyListPageTestcases" name="verifyCmpListTableHeader" time="14.548"/>
  <testcase classname="com.cloudmiracle.qa.testcases.SignUpPageTestCases" name="verifyRegisterFunctionality" time="2.665"/>
  <testcase classname="com.cloudmiracle.qa.testcases.SignUpPageTestCases" name="verifyRegisterFunctionality" time="2.678"/>
  <testcase classname="com.cloudmiracle.qa.testcases.SignUpPageTestCases" name="verifyRegisterFunctionality" time="1.53"/>
  <testcase classname="com.cloudmiracle.qa.testcases.LoginPageTestcases" name="verifySignUPText" time="0.031"/>
  <testcase classname="com.cloudmiracle.qa.testcases.CompanyListPageTestcases" name="verifyCmpListTableContent" time="15.089"/>
  <testcase classname="com.cloudmiracle.qa.testcases.LoginPageTestcases" name="verifySignUPLinkFunctionality" time="3.091"/>
  <testcase classname="com.cloudmiracle.qa.testcases.CompanyListPageTestcases" name="verifyCmpListPageSizeElement" time="16.214"/>
  <testcase classname="com.cloudmiracle.qa.testcases.LoginPageTestcases" name="verifyForgetPWDLink" time="0.032"/>
  <testcase classname="com.cloudmiracle.qa.testcases.CompanyListPageTestcases" name="verifyCmpListTotalPages" time="18.555"/>
  <testcase classname="com.cloudmiracle.qa.testcases.LoginPageTestcases" name="verifyForgotPWDLinkEnable" time="0.026"/>
  <testcase classname="com.cloudmiracle.qa.testcases.CompanyListPageTestcases" name="verifyCmpListAllButtonsElement" time="15.049"/>
  <testcase classname="com.cloudmiracle.qa.testcases.LoginPageTestcases" name="verifyForgotPWDLinkFunctionality" time="2.185"/>
  <testcase classname="com.cloudmiracle.qa.testcases.CompanyListPageTestcases" name="verifyAddBtnFunctionality" time="16.112">
    <failure type="org.openqa.selenium.ElementClickInterceptedException" message="element click intercepted: Element &amp;lt;span class=&amp;quot;dx-button-text&amp;quot;&amp;gt;...&amp;lt;/span&amp;gt; is not clickable at point (104, 627). Other element would receive the click: &amp;lt;div class=&amp;quot;preloader flex-column justify-content-center align-items-center&amp;quot; style=&amp;quot;height: 0px;&amp;quot;&amp;gt;...&amp;lt;/div&amp;gt;
  (Session info: chrome=102.0.5005.115)
Build info: version: &amp;apos;3.14.0&amp;apos;, revision: &amp;apos;aacccce0&amp;apos;, time: &amp;apos;2018-08-02T20:19:58.91Z&amp;apos;
System info: host: &amp;apos;MonaMac&amp;apos;, ip: &amp;apos;fe80:0:0:0:1c9e:8bfa:3b9f:9c0%en0&amp;apos;, os.name: &amp;apos;Mac OS X&amp;apos;, os.arch: &amp;apos;x86_64&amp;apos;, os.version: &amp;apos;10.12.4&amp;apos;, java.version: &amp;apos;15.0.2&amp;apos;
Driver info: org.openqa.selenium.chrome.ChromeDriver
Capabilities {acceptInsecureCerts: false, browserName: chrome, browserVersion: 102.0.5005.115, chrome: {chromedriverVersion: 102.0.5005.61 (0e59bcc00cc4..., userDataDir: /var/folders/nc/n48rv_690fx...}, goog:chromeOptions: {debuggerAddress: localhost:55463}, javascriptEnabled: true, networkConnectionEnabled: false, pageLoadStrategy: normal, platform: MAC, platformName: MAC, proxy: Proxy(), setWindowRect: true, strictFileInteractability: false, timeouts: {implicit: 0, pageLoad: 300000, script: 30000}, unhandledPromptBehavior: dismiss and notify, webauthn:extension:credBlob: true, webauthn:extension:largeBlob: true, webauthn:virtualAuthenticators: true}
Session ID: 5f586995b1367fe8b270e53ef8d10f5c">
      <![CDATA[org.openqa.selenium.ElementClickInterceptedException: element click intercepted: Element <span class="dx-button-text">...</span> is not clickable at point (104, 627). Other element would receive the click: <div class="preloader flex-column justify-content-center align-items-center" style="height: 0px;">...</div>
  (Session info: chrome=102.0.5005.115)
Build info: version: '3.14.0', revision: 'aacccce0', time: '2018-08-02T20:19:58.91Z'
System info: host: 'MonaMac', ip: 'fe80:0:0:0:1c9e:8bfa:3b9f:9c0%en0', os.name: 'Mac OS X', os.arch: 'x86_64', os.version: '10.12.4', java.version: '15.0.2'
Driver info: org.openqa.selenium.chrome.ChromeDriver
Capabilities {acceptInsecureCerts: false, browserName: chrome, browserVersion: 102.0.5005.115, chrome: {chromedriverVersion: 102.0.5005.61 (0e59bcc00cc4..., userDataDir: /var/folders/nc/n48rv_690fx...}, goog:chromeOptions: {debuggerAddress: localhost:55463}, javascriptEnabled: true, networkConnectionEnabled: false, pageLoadStrategy: normal, platform: MAC, platformName: MAC, proxy: Proxy(), setWindowRect: true, strictFileInteractability: false, timeouts: {implicit: 0, pageLoad: 300000, script: 30000}, unhandledPromptBehavior: dismiss and notify, webauthn:extension:credBlob: true, webauthn:extension:largeBlob: true, webauthn:virtualAuthenticators: true}
Session ID: 5f586995b1367fe8b270e53ef8d10f5c
	at org.openqa.selenium.remote.http.W3CHttpResponseCodec.createException(W3CHttpResponseCodec.java:187)
	at org.openqa.selenium.remote.http.W3CHttpResponseCodec.decode(W3CHttpResponseCodec.java:122)
	at org.openqa.selenium.remote.http.W3CHttpResponseCodec.decode(W3CHttpResponseCodec.java:49)
	at org.openqa.selenium.remote.HttpCommandExecutor.execute(HttpCommandExecutor.java:158)
	at org.openqa.selenium.remote.service.DriverCommandExecutor.execute(DriverCommandExecutor.java:83)
	at org.openqa.selenium.remote.RemoteWebDriver.execute(RemoteWebDriver.java:548)
	at org.openqa.selenium.remote.RemoteWebElement.execute(RemoteWebElement.java:276)
	at org.openqa.selenium.remote.RemoteWebElement.click(RemoteWebElement.java:83)
	at com.cloudmiracle.qa.utility.TestUtil.getElement(TestUtil.java:82)
	at com.cloudmiracle.qa.pages.CompanyListPage.validateAddBtnFunctionality(CompanyListPage.java:139)
	at com.cloudmiracle.qa.testcases.CompanyListPageTestcases.verifyAddBtnFunctionality(CompanyListPageTestcases.java:94)
... Removed 30 stack frames]]>
    </failure>
  </testcase> <!-- verifyAddBtnFunctionality -->
  <testcase classname="com.cloudmiracle.qa.testcases.LoginPageTestcases" name="verifyLoginFunctionality" time="2.183"/>
  <testcase classname="com.cloudmiracle.qa.testcases.LoginPageTestcases" name="verifyLoginFunctionality" time="2.348"/>
  <testcase classname="com.cloudmiracle.qa.testcases.CompanyListPageTestcases" name="verifyEditBtnFunctionality" time="16.673"/>
  <testcase classname="com.cloudmiracle.qa.testcases.CompanyListPageTestcases" name="verifyDeleteBtnFunctionality" time="15.1"/>
  <testcase classname="com.cloudmiracle.qa.testcases.CompanyListPageTestcases" name="verifyCmpDetailsAllTabElements" time="16.439"/>
  <testcase classname="com.cloudmiracle.qa.testcases.CompanyListPageTestcases" name="verifyCmpDetailsLegendsElements" time="17.042"/>
  <testcase classname="com.cloudmiracle.qa.testcases.CompanyListPageTestcases" name="verifyCmpDetailsAllButtonsElements" time="16.312"/>
  <testcase classname="com.cloudmiracle.qa.testcases.CompanyListPageTestcases" name="verifyCloseBtnElement" time="16.445"/>
  <testcase classname="com.cloudmiracle.qa.testcases.CompanyListPageTestcases" name="verifytoAddNewCompanyDetailsFunctionality" time="16.74"/>
  <testcase classname="com.cloudmiracle.qa.testcases.CompanyListPageTestcases" name="verifytoAddNewCompanyDetailsFunctionality" time="17.53"/>
  <testcase classname="com.cloudmiracle.qa.testcases.CompanyListPageTestcases" name="verifyLogoutFunctionality" time="4.038"/>
</testsuite> <!-- Test -->
