<?xml version="1.0" encoding="UTF-8"?>
<!-- Generated by org.testng.reporters.JUnitXMLReporter -->
<testsuite hostname="MonaMac.local" ignored="0" name="Test" tests="42" failures="1" timestamp="20 Jun 2022 04:52:35 GMT" time="225.991" errors="0">
  <testcase name="@BeforeMethod setup" time="3.384" classname="com.cloudmiracle.qa.testcases.CompanyListPageTestcases">
    <failure type="org.openqa.selenium.NoSuchWindowException" message="no such window: target window already closed
from unknown error: web view not found
  (Session info: chrome=102.0.5005.115)
Build info: version: &amp;apos;3.14.0&amp;apos;, revision: &amp;apos;aacccce0&amp;apos;, time: &amp;apos;2018-08-02T20:19:58.91Z&amp;apos;
System info: host: &amp;apos;MonaMac.local&amp;apos;, ip: &amp;apos;fe80:0:0:0:f8:1954:ba67:77a9%en0&amp;apos;, os.name: &amp;apos;Mac OS X&amp;apos;, os.arch: &amp;apos;x86_64&amp;apos;, os.version: &amp;apos;10.12.4&amp;apos;, java.version: &amp;apos;1.8.0_111&amp;apos;
Driver info: org.openqa.selenium.chrome.ChromeDriver
Capabilities {acceptInsecureCerts: false, browserName: chrome, browserVersion: 102.0.5005.115, chrome: {chromedriverVersion: 102.0.5005.61 (0e59bcc00cc4..., userDataDir: /var/folders/nc/n48rv_690fx...}, goog:chromeOptions: {debuggerAddress: localhost:49705}, javascriptEnabled: true, networkConnectionEnabled: false, pageLoadStrategy: normal, platform: MAC, platformName: MAC, proxy: Proxy(), setWindowRect: true, strictFileInteractability: false, timeouts: {implicit: 0, pageLoad: 300000, script: 30000}, unhandledPromptBehavior: dismiss and notify, webauthn:extension:credBlob: true, webauthn:extension:largeBlob: true, webauthn:virtualAuthenticators: true}
Session ID: 0098026cb0ce74f338016c789d302e67
*** Element info: {Using=name, value=txtUserName}">
      <![CDATA[org.openqa.selenium.NoSuchWindowException: no such window: target window already closed
from unknown error: web view not found
  (Session info: chrome=102.0.5005.115)
Build info: version: '3.14.0', revision: 'aacccce0', time: '2018-08-02T20:19:58.91Z'
System info: host: 'MonaMac.local', ip: 'fe80:0:0:0:f8:1954:ba67:77a9%en0', os.name: 'Mac OS X', os.arch: 'x86_64', os.version: '10.12.4', java.version: '1.8.0_111'
Driver info: org.openqa.selenium.chrome.ChromeDriver
Capabilities {acceptInsecureCerts: false, browserName: chrome, browserVersion: 102.0.5005.115, chrome: {chromedriverVersion: 102.0.5005.61 (0e59bcc00cc4..., userDataDir: /var/folders/nc/n48rv_690fx...}, goog:chromeOptions: {debuggerAddress: localhost:49705}, javascriptEnabled: true, networkConnectionEnabled: false, pageLoadStrategy: normal, platform: MAC, platformName: MAC, proxy: Proxy(), setWindowRect: true, strictFileInteractability: false, timeouts: {implicit: 0, pageLoad: 300000, script: 30000}, unhandledPromptBehavior: dismiss and notify, webauthn:extension:credBlob: true, webauthn:extension:largeBlob: true, webauthn:virtualAuthenticators: true}
Session ID: 0098026cb0ce74f338016c789d302e67
*** Element info: {Using=name, value=txtUserName}
	at org.openqa.selenium.remote.http.W3CHttpResponseCodec.createException(W3CHttpResponseCodec.java:187)
	at org.openqa.selenium.remote.http.W3CHttpResponseCodec.decode(W3CHttpResponseCodec.java:122)
	at org.openqa.selenium.remote.http.W3CHttpResponseCodec.decode(W3CHttpResponseCodec.java:49)
	at org.openqa.selenium.remote.HttpCommandExecutor.execute(HttpCommandExecutor.java:158)
	at org.openqa.selenium.remote.service.DriverCommandExecutor.execute(DriverCommandExecutor.java:83)
	at org.openqa.selenium.remote.RemoteWebDriver.execute(RemoteWebDriver.java:548)
	at org.openqa.selenium.remote.RemoteWebDriver.findElement(RemoteWebDriver.java:322)
	at org.openqa.selenium.remote.RemoteWebDriver.findElementByName(RemoteWebDriver.java:400)
	at org.openqa.selenium.By$ByName.findElement(By.java:284)
	at org.openqa.selenium.remote.RemoteWebDriver.findElement(RemoteWebDriver.java:314)
	at org.openqa.selenium.support.pagefactory.DefaultElementLocator.findElement(DefaultElementLocator.java:69)
	at org.openqa.selenium.support.pagefactory.internal.LocatingElementHandler.invoke(LocatingElementHandler.java:38)
	at com.sun.proxy.$Proxy8.sendKeys(Unknown Source)
	at com.cloudmiracle.qa.pages.LoginPage.validateLoginFunctionality(LoginPage.java:97)
	at com.cloudmiracle.qa.testcases.CompanyListPageTestcases.setup(CompanyListPageTestcases.java:32)
... Removed 35 stack frames]]>
    </failure>
  </testcase> <!-- @BeforeMethod setup -->
  <testcase name="@BeforeMethod setup" time="7.764" classname="com.cloudmiracle.qa.testcases.SignUpPageTestCases">
    <failure type="org.openqa.selenium.NoSuchWindowException" message="no such window: target window already closed
from unknown error: web view not found
  (Session info: chrome=102.0.5005.115)
Build info: version: &amp;apos;3.14.0&amp;apos;, revision: &amp;apos;aacccce0&amp;apos;, time: &amp;apos;2018-08-02T20:19:58.91Z&amp;apos;
System info: host: &amp;apos;MonaMac.local&amp;apos;, ip: &amp;apos;fe80:0:0:0:f8:1954:ba67:77a9%en0&amp;apos;, os.name: &amp;apos;Mac OS X&amp;apos;, os.arch: &amp;apos;x86_64&amp;apos;, os.version: &amp;apos;10.12.4&amp;apos;, java.version: &amp;apos;1.8.0_111&amp;apos;
Driver info: org.openqa.selenium.chrome.ChromeDriver
Capabilities {acceptInsecureCerts: false, browserName: chrome, browserVersion: 102.0.5005.115, chrome: {chromedriverVersion: 102.0.5005.61 (0e59bcc00cc4..., userDataDir: /var/folders/nc/n48rv_690fx...}, goog:chromeOptions: {debuggerAddress: localhost:49718}, javascriptEnabled: true, networkConnectionEnabled: false, pageLoadStrategy: normal, platform: MAC, platformName: MAC, proxy: Proxy(), setWindowRect: true, strictFileInteractability: false, timeouts: {implicit: 0, pageLoad: 300000, script: 30000}, unhandledPromptBehavior: dismiss and notify, webauthn:extension:credBlob: true, webauthn:extension:largeBlob: true, webauthn:virtualAuthenticators: true}
Session ID: f814c96104bbd46526adf88df8113c30
*** Element info: {Using=xpath, value=//a[contains(text(),&amp;apos;Sign up&amp;apos;)]}">
      <![CDATA[org.openqa.selenium.NoSuchWindowException: no such window: target window already closed
from unknown error: web view not found
  (Session info: chrome=102.0.5005.115)
Build info: version: '3.14.0', revision: 'aacccce0', time: '2018-08-02T20:19:58.91Z'
System info: host: 'MonaMac.local', ip: 'fe80:0:0:0:f8:1954:ba67:77a9%en0', os.name: 'Mac OS X', os.arch: 'x86_64', os.version: '10.12.4', java.version: '1.8.0_111'
Driver info: org.openqa.selenium.chrome.ChromeDriver
Capabilities {acceptInsecureCerts: false, browserName: chrome, browserVersion: 102.0.5005.115, chrome: {chromedriverVersion: 102.0.5005.61 (0e59bcc00cc4..., userDataDir: /var/folders/nc/n48rv_690fx...}, goog:chromeOptions: {debuggerAddress: localhost:49718}, javascriptEnabled: true, networkConnectionEnabled: false, pageLoadStrategy: normal, platform: MAC, platformName: MAC, proxy: Proxy(), setWindowRect: true, strictFileInteractability: false, timeouts: {implicit: 0, pageLoad: 300000, script: 30000}, unhandledPromptBehavior: dismiss and notify, webauthn:extension:credBlob: true, webauthn:extension:largeBlob: true, webauthn:virtualAuthenticators: true}
Session ID: f814c96104bbd46526adf88df8113c30
*** Element info: {Using=xpath, value=//a[contains(text(),'Sign up')]}
	at org.openqa.selenium.remote.http.W3CHttpResponseCodec.createException(W3CHttpResponseCodec.java:187)
	at org.openqa.selenium.remote.http.W3CHttpResponseCodec.decode(W3CHttpResponseCodec.java:122)
	at org.openqa.selenium.remote.http.W3CHttpResponseCodec.decode(W3CHttpResponseCodec.java:49)
	at org.openqa.selenium.remote.HttpCommandExecutor.execute(HttpCommandExecutor.java:158)
	at org.openqa.selenium.remote.service.DriverCommandExecutor.execute(DriverCommandExecutor.java:83)
	at org.openqa.selenium.remote.RemoteWebDriver.execute(RemoteWebDriver.java:548)
	at org.openqa.selenium.remote.RemoteWebDriver.findElement(RemoteWebDriver.java:322)
	at org.openqa.selenium.remote.RemoteWebDriver.findElementByXPath(RemoteWebDriver.java:424)
	at org.openqa.selenium.By$ByXPath.findElement(By.java:353)
	at org.openqa.selenium.remote.RemoteWebDriver.findElement(RemoteWebDriver.java:314)
	at org.openqa.selenium.support.pagefactory.DefaultElementLocator.findElement(DefaultElementLocator.java:69)
	at org.openqa.selenium.support.pagefactory.internal.LocatingElementHandler.invoke(LocatingElementHandler.java:38)
	at com.sun.proxy.$Proxy8.click(Unknown Source)
	at com.cloudmiracle.qa.pages.LoginPage.validateSignUPLinkFunctionality(LoginPage.java:75)
	at com.cloudmiracle.qa.testcases.SignUpPageTestCases.setup(SignUpPageTestCases.java:32)
... Removed 35 stack frames]]>
    </failure>
  </testcase> <!-- @BeforeMethod setup -->
  <testcase name="@BeforeMethod setup" time="0.0" classname="com.cloudmiracle.qa.testcases.CompanyListPageTestcases">
    <skipped/>
  </testcase> <!-- @BeforeMethod setup -->
  <testcase name="@BeforeMethod setup" time="0.0" classname="com.cloudmiracle.qa.testcases.SignUpPageTestCases">
    <skipped/>
  </testcase> <!-- @BeforeMethod setup -->
  <testcase name="@BeforeMethod setup" time="0.0" classname="com.cloudmiracle.qa.testcases.CompanyListPageTestcases">
    <skipped/>
  </testcase> <!-- @BeforeMethod setup -->
  <testcase name="@BeforeMethod setup" time="0.0" classname="com.cloudmiracle.qa.testcases.SignUpPageTestCases">
    <skipped/>
  </testcase> <!-- @BeforeMethod setup -->
  <testcase name="@BeforeMethod setup" time="0.0" classname="com.cloudmiracle.qa.testcases.SignUpPageTestCases">
    <skipped/>
  </testcase> <!-- @BeforeMethod setup -->
  <testcase name="@BeforeMethod setup" time="0.0" classname="com.cloudmiracle.qa.testcases.SignUpPageTestCases">
    <skipped/>
  </testcase> <!-- @BeforeMethod setup -->
  <testcase name="@BeforeMethod setup" time="0.0" classname="com.cloudmiracle.qa.testcases.CompanyListPageTestcases">
    <skipped/>
  </testcase> <!-- @BeforeMethod setup -->
  <testcase name="@BeforeMethod setup" time="0.0" classname="com.cloudmiracle.qa.testcases.CompanyListPageTestcases">
    <skipped/>
  </testcase> <!-- @BeforeMethod setup -->
  <testcase name="@BeforeMethod setup" time="0.0" classname="com.cloudmiracle.qa.testcases.CompanyListPageTestcases">
    <skipped/>
  </testcase> <!-- @BeforeMethod setup -->
  <testcase name="@BeforeMethod setup" time="0.0" classname="com.cloudmiracle.qa.testcases.CompanyListPageTestcases">
    <skipped/>
  </testcase> <!-- @BeforeMethod setup -->
  <testcase name="@BeforeMethod setup" time="0.0" classname="com.cloudmiracle.qa.testcases.CompanyListPageTestcases">
    <skipped/>
  </testcase> <!-- @BeforeMethod setup -->
  <testcase name="@BeforeMethod setup" time="0.0" classname="com.cloudmiracle.qa.testcases.CompanyListPageTestcases">
    <skipped/>
  </testcase> <!-- @BeforeMethod setup -->
  <testcase name="@BeforeMethod setup" time="0.0" classname="com.cloudmiracle.qa.testcases.CompanyListPageTestcases">
    <skipped/>
  </testcase> <!-- @BeforeMethod setup -->
  <testcase name="@BeforeMethod setup" time="0.0" classname="com.cloudmiracle.qa.testcases.CompanyListPageTestcases">
    <skipped/>
  </testcase> <!-- @BeforeMethod setup -->
  <testcase name="@BeforeMethod setup" time="0.0" classname="com.cloudmiracle.qa.testcases.CompanyListPageTestcases">
    <skipped/>
  </testcase> <!-- @BeforeMethod setup -->
  <testcase name="@BeforeMethod setup" time="0.0" classname="com.cloudmiracle.qa.testcases.CompanyListPageTestcases">
    <skipped/>
  </testcase> <!-- @BeforeMethod setup -->
  <testcase name="@BeforeMethod setup" time="0.0" classname="com.cloudmiracle.qa.testcases.CompanyListPageTestcases">
    <skipped/>
  </testcase> <!-- @BeforeMethod setup -->
  <testcase name="@BeforeMethod setup" time="0.0" classname="com.cloudmiracle.qa.testcases.CompanyListPageTestcases">
    <skipped/>
  </testcase> <!-- @BeforeMethod setup -->
  <testcase name="@BeforeMethod setup" time="0.0" classname="com.cloudmiracle.qa.testcases.CompanyListPageTestcases">
    <skipped/>
  </testcase> <!-- @BeforeMethod setup -->
  <testcase name="@BeforeMethod setup" time="0.0" classname="com.cloudmiracle.qa.testcases.CompanyListPageTestcases">
    <skipped/>
  </testcase> <!-- @BeforeMethod setup -->
  <testcase name="verifyCmpLogoImg" time="0.074" classname="com.cloudmiracle.qa.testcases.SignUpPageTestCases"/>
  <testcase name="verifyLoginPageTitle" time="0.007" classname="com.cloudmiracle.qa.testcases.LoginPageTestcases"/>
  <testcase name="verifyTimeLeftElement" time="3.554" classname="com.cloudmiracle.qa.testcases.CompanyListPageTestcases"/>
  <testcase name="verifyBackgroundImg" time="0.038" classname="com.cloudmiracle.qa.testcases.SignUpPageTestCases"/>
  <testcase name="verifyCmpLogoImg" time="0.046" classname="com.cloudmiracle.qa.testcases.LoginPageTestcases"/>
  <testcase name="verifyUserNameElement" time="15.054" classname="com.cloudmiracle.qa.testcases.CompanyListPageTestcases"/>
  <testcase name="verifySignUpPageCaption" time="0.032" classname="com.cloudmiracle.qa.testcases.SignUpPageTestCases"/>
  <testcase name="verifyBackgroundImg" time="0.043" classname="com.cloudmiracle.qa.testcases.LoginPageTestcases"/>
  <testcase name="verifyLogoutElement" time="4.93" classname="com.cloudmiracle.qa.testcases.CompanyListPageTestcases"/>
  <testcase name="verifyLoginLink" time="0.029" classname="com.cloudmiracle.qa.testcases.SignUpPageTestCases"/>
  <testcase name="verifyLoginPageCaption" time="0.036" classname="com.cloudmiracle.qa.testcases.LoginPageTestcases">
    <failure type="org.openqa.selenium.NoSuchWindowException" message="no such window: target window already closed
from unknown error: web view not found
  (Session info: chrome=102.0.5005.115)
Build info: version: &amp;apos;3.14.0&amp;apos;, revision: &amp;apos;aacccce0&amp;apos;, time: &amp;apos;2018-08-02T20:19:58.91Z&amp;apos;
System info: host: &amp;apos;MonaMac.local&amp;apos;, ip: &amp;apos;fe80:0:0:0:f8:1954:ba67:77a9%en0&amp;apos;, os.name: &amp;apos;Mac OS X&amp;apos;, os.arch: &amp;apos;x86_64&amp;apos;, os.version: &amp;apos;10.12.4&amp;apos;, java.version: &amp;apos;1.8.0_111&amp;apos;
Driver info: org.openqa.selenium.chrome.ChromeDriver
Capabilities {acceptInsecureCerts: false, browserName: chrome, browserVersion: 102.0.5005.115, chrome: {chromedriverVersion: 102.0.5005.61 (0e59bcc00cc4..., userDataDir: /var/folders/nc/n48rv_690fx...}, goog:chromeOptions: {debuggerAddress: localhost:49690}, javascriptEnabled: true, networkConnectionEnabled: false, pageLoadStrategy: normal, platform: MAC, platformName: MAC, proxy: Proxy(), setWindowRect: true, strictFileInteractability: false, timeouts: {implicit: 0, pageLoad: 300000, script: 30000}, unhandledPromptBehavior: dismiss and notify, webauthn:extension:credBlob: true, webauthn:extension:largeBlob: true, webauthn:virtualAuthenticators: true}
Session ID: 803c3a3eaca680d9ac14f1f963e4d82a
*** Element info: {Using=xpath, value=//div[contains(@class,&amp;apos;login-box&amp;apos;)]//a}">
      <![CDATA[org.openqa.selenium.NoSuchWindowException: no such window: target window already closed
from unknown error: web view not found
  (Session info: chrome=102.0.5005.115)
Build info: version: '3.14.0', revision: 'aacccce0', time: '2018-08-02T20:19:58.91Z'
System info: host: 'MonaMac.local', ip: 'fe80:0:0:0:f8:1954:ba67:77a9%en0', os.name: 'Mac OS X', os.arch: 'x86_64', os.version: '10.12.4', java.version: '1.8.0_111'
Driver info: org.openqa.selenium.chrome.ChromeDriver
Capabilities {acceptInsecureCerts: false, browserName: chrome, browserVersion: 102.0.5005.115, chrome: {chromedriverVersion: 102.0.5005.61 (0e59bcc00cc4..., userDataDir: /var/folders/nc/n48rv_690fx...}, goog:chromeOptions: {debuggerAddress: localhost:49690}, javascriptEnabled: true, networkConnectionEnabled: false, pageLoadStrategy: normal, platform: MAC, platformName: MAC, proxy: Proxy(), setWindowRect: true, strictFileInteractability: false, timeouts: {implicit: 0, pageLoad: 300000, script: 30000}, unhandledPromptBehavior: dismiss and notify, webauthn:extension:credBlob: true, webauthn:extension:largeBlob: true, webauthn:virtualAuthenticators: true}
Session ID: 803c3a3eaca680d9ac14f1f963e4d82a
*** Element info: {Using=xpath, value=//div[contains(@class,'login-box')]//a}
	at org.openqa.selenium.remote.http.W3CHttpResponseCodec.createException(W3CHttpResponseCodec.java:187)
	at org.openqa.selenium.remote.http.W3CHttpResponseCodec.decode(W3CHttpResponseCodec.java:122)
	at org.openqa.selenium.remote.http.W3CHttpResponseCodec.decode(W3CHttpResponseCodec.java:49)
	at org.openqa.selenium.remote.HttpCommandExecutor.execute(HttpCommandExecutor.java:158)
	at org.openqa.selenium.remote.service.DriverCommandExecutor.execute(DriverCommandExecutor.java:83)
	at org.openqa.selenium.remote.RemoteWebDriver.execute(RemoteWebDriver.java:548)
	at org.openqa.selenium.remote.RemoteWebDriver.findElement(RemoteWebDriver.java:322)
	at org.openqa.selenium.remote.RemoteWebDriver.findElementByXPath(RemoteWebDriver.java:424)
	at org.openqa.selenium.By$ByXPath.findElement(By.java:353)
	at org.openqa.selenium.remote.RemoteWebDriver.findElement(RemoteWebDriver.java:314)
	at org.openqa.selenium.support.pagefactory.DefaultElementLocator.findElement(DefaultElementLocator.java:69)
	at org.openqa.selenium.support.pagefactory.internal.LocatingElementHandler.invoke(LocatingElementHandler.java:38)
	at com.sun.proxy.$Proxy8.getText(Unknown Source)
	at com.cloudmiracle.qa.pages.LoginPage.validateLoginPageCaption(LoginPage.java:59)
	at com.cloudmiracle.qa.testcases.LoginPageTestcases.verifyLoginPageCaption(LoginPageTestcases.java:58)
... Removed 33 stack frames]]>
    </failure>
  </testcase> <!-- verifyLoginPageCaption -->
  <testcase name="verifyCmpListPageCaption" time="0.0" classname="com.cloudmiracle.qa.testcases.CompanyListPageTestcases">
    <skipped/>
  </testcase> <!-- verifyCmpListPageCaption -->
  <testcase name="verifyLoginLinkEnable" time="0.0" classname="com.cloudmiracle.qa.testcases.SignUpPageTestCases">
    <skipped/>
  </testcase> <!-- verifyLoginLinkEnable -->
  <testcase name="verifySignUpLink" time="0.044" classname="com.cloudmiracle.qa.testcases.LoginPageTestcases"/>
  <testcase name="verifySearchElement" time="0.0" classname="com.cloudmiracle.qa.testcases.CompanyListPageTestcases">
    <skipped/>
  </testcase> <!-- verifySearchElement -->
  <testcase name="verifyLoginText" time="0.0" classname="com.cloudmiracle.qa.testcases.SignUpPageTestCases">
    <skipped/>
  </testcase> <!-- verifyLoginText -->
  <testcase name="verifySignUpLinkEnable" time="0.027" classname="com.cloudmiracle.qa.testcases.LoginPageTestcases"/>
  <testcase name="verifyCmpListTableHeader" time="0.0" classname="com.cloudmiracle.qa.testcases.CompanyListPageTestcases">
    <skipped/>
  </testcase> <!-- verifyCmpListTableHeader -->
  <testcase name="verifyRegisterFunctionality" time="0.0" classname="com.cloudmiracle.qa.testcases.SignUpPageTestCases">
    <skipped/>
  </testcase> <!-- verifyRegisterFunctionality -->
  <testcase name="verifyRegisterFunctionality" time="0.0" classname="com.cloudmiracle.qa.testcases.SignUpPageTestCases">
    <skipped/>
  </testcase> <!-- verifyRegisterFunctionality -->
  <testcase name="verifyRegisterFunctionality" time="0.0" classname="com.cloudmiracle.qa.testcases.SignUpPageTestCases">
    <skipped/>
  </testcase> <!-- verifyRegisterFunctionality -->
  <testcase name="verifySignUPText" time="0.05" classname="com.cloudmiracle.qa.testcases.LoginPageTestcases"/>
  <testcase name="verifyCmpListTableContent" time="0.0" classname="com.cloudmiracle.qa.testcases.CompanyListPageTestcases">
    <skipped/>
  </testcase> <!-- verifyCmpListTableContent -->
  <testcase name="verifySignUPLinkFunctionality" time="3.103" classname="com.cloudmiracle.qa.testcases.LoginPageTestcases"/>
  <testcase name="verifyCmpListPageSizeElement" time="0.0" classname="com.cloudmiracle.qa.testcases.CompanyListPageTestcases">
    <skipped/>
  </testcase> <!-- verifyCmpListPageSizeElement -->
  <testcase name="verifyForgetPWDLink" time="0.066" classname="com.cloudmiracle.qa.testcases.LoginPageTestcases"/>
  <testcase name="verifyCmpListTotalPages" time="0.0" classname="com.cloudmiracle.qa.testcases.CompanyListPageTestcases">
    <skipped/>
  </testcase> <!-- verifyCmpListTotalPages -->
  <testcase name="verifyForgotPWDLinkEnable" time="0.028" classname="com.cloudmiracle.qa.testcases.LoginPageTestcases"/>
  <testcase name="verifyCmpListAllButtonsElement" time="0.0" classname="com.cloudmiracle.qa.testcases.CompanyListPageTestcases">
    <skipped/>
  </testcase> <!-- verifyCmpListAllButtonsElement -->
  <testcase name="verifyForgotPWDLinkFunctionality" time="0.883" classname="com.cloudmiracle.qa.testcases.LoginPageTestcases"/>
  <testcase name="verifyAddBtnFunctionality" time="0.0" classname="com.cloudmiracle.qa.testcases.CompanyListPageTestcases">
    <skipped/>
  </testcase> <!-- verifyAddBtnFunctionality -->
  <testcase name="verifyLoginFunctionality" time="1.269" classname="com.cloudmiracle.qa.testcases.LoginPageTestcases"/>
  <testcase name="verifyLoginFunctionality" time="1.1" classname="com.cloudmiracle.qa.testcases.LoginPageTestcases"/>
  <testcase name="verifyEditBtnFunctionality" time="0.0" classname="com.cloudmiracle.qa.testcases.CompanyListPageTestcases">
    <skipped/>
  </testcase> <!-- verifyEditBtnFunctionality -->
  <testcase name="verifyDeleteBtnFunctionality" time="0.0" classname="com.cloudmiracle.qa.testcases.CompanyListPageTestcases">
    <skipped/>
  </testcase> <!-- verifyDeleteBtnFunctionality -->
  <testcase name="verifyCmpDetailsAllTabElements" time="0.0" classname="com.cloudmiracle.qa.testcases.CompanyListPageTestcases">
    <skipped/>
  </testcase> <!-- verifyCmpDetailsAllTabElements -->
  <testcase name="verifyCmpDetailsLegendsElements" time="0.0" classname="com.cloudmiracle.qa.testcases.CompanyListPageTestcases">
    <skipped/>
  </testcase> <!-- verifyCmpDetailsLegendsElements -->
  <testcase name="verifyCmpDetailsAllButtonsElements" time="0.0" classname="com.cloudmiracle.qa.testcases.CompanyListPageTestcases">
    <skipped/>
  </testcase> <!-- verifyCmpDetailsAllButtonsElements -->
  <testcase name="verifyCloseBtnElement" time="0.0" classname="com.cloudmiracle.qa.testcases.CompanyListPageTestcases">
    <skipped/>
  </testcase> <!-- verifyCloseBtnElement -->
  <testcase name="verifytoAddNewCompanyDetailsFunctionality" time="0.0" classname="com.cloudmiracle.qa.testcases.CompanyListPageTestcases">
    <skipped/>
  </testcase> <!-- verifytoAddNewCompanyDetailsFunctionality -->
  <testcase name="verifytoAddNewCompanyDetailsFunctionality" time="0.0" classname="com.cloudmiracle.qa.testcases.CompanyListPageTestcases">
    <skipped/>
  </testcase> <!-- verifytoAddNewCompanyDetailsFunctionality -->
  <testcase name="verifyLogoutFunctionality" time="0.0" classname="com.cloudmiracle.qa.testcases.CompanyListPageTestcases">
    <skipped/>
  </testcase> <!-- verifyLogoutFunctionality -->
</testsuite> <!-- Test -->
