<?xml version="1.0" encoding="UTF-8"?>
<!-- Generated by org.testng.reporters.JUnitReportReporter -->
<testsuite hostname="MonaMac" failures="0" tests="20" name="com.cloudmiracle.qa.testcases.CompanyListPageTestcases" time="443.330" errors="1" timestamp="14 Jun 2022 12:22:20 GMT" skipped="0">
  <testcase classname="com.cloudmiracle.qa.testcases.CompanyListPageTestcases" name="verifyTimeLeftElement" time="12.362"/>
  <testcase classname="com.cloudmiracle.qa.testcases.CompanyListPageTestcases" name="verifyUserNameElement" time="22.851"/>
  <testcase classname="com.cloudmiracle.qa.testcases.CompanyListPageTestcases" name="verifyLogoutElement" time="14.819"/>
  <testcase classname="com.cloudmiracle.qa.testcases.CompanyListPageTestcases" name="verifyCmpListPageCaption" time="23.945"/>
  <testcase classname="com.cloudmiracle.qa.testcases.CompanyListPageTestcases" name="verifySearchElement" time="22.865"/>
  <testcase classname="com.cloudmiracle.qa.testcases.CompanyListPageTestcases" name="verifyCmpListTableHeader" time="21.744"/>
  <testcase classname="com.cloudmiracle.qa.testcases.CompanyListPageTestcases" name="verifyCmpListTableContent" time="22.661"/>
  <testcase classname="com.cloudmiracle.qa.testcases.CompanyListPageTestcases" name="verifyCmpListPageSizeElement" time="23.526"/>
  <testcase classname="com.cloudmiracle.qa.testcases.CompanyListPageTestcases" name="verifyCmpListTotalPages" time="27.345"/>
  <testcase classname="com.cloudmiracle.qa.testcases.CompanyListPageTestcases" name="verifyCmpListAllButtonsElement" time="22.560"/>
  <testcase classname="com.cloudmiracle.qa.testcases.CompanyListPageTestcases" name="verifyAddBtnFunctionality" time="23.799">
    <error message="element click intercepted: Element &lt;span class=&quot;dx-button-text&quot;&gt;...&lt;/span&gt; is not clickable at point (104, 627). Other element would receive the click: &lt;div class=&quot;preloader flex-column justify-content-center align-items-center&quot; style=&quot;height: 0px;&quot;&gt;...&lt;/div&gt;
  (Session info: chrome=102.0.5005.115)
Build info: version: &#039;3.14.0&#039;, revision: &#039;aacccce0&#039;, time: &#039;2018-08-02T20:19:58.91Z&#039;
System info: host: &#039;MonaMac&#039;, ip: &#039;fe80:0:0:0:1c9e:8bfa:3b9f:9c0%en0&#039;, os.name: &#039;Mac OS X&#039;, os.arch: &#039;x86_64&#039;, os.version: &#039;10.12.4&#039;, java.version: &#039;15.0.2&#039;
Driver info: org.openqa.selenium.chrome.ChromeDriver
Capabilities {acceptInsecureCerts: false, browserName: chrome, browserVersion: 102.0.5005.115, chrome: {chromedriverVersion: 102.0.5005.61 (0e59bcc00cc4..., userDataDir: /var/folders/nc/n48rv_690fx...}, goog:chromeOptions: {debuggerAddress: localhost:55463}, javascriptEnabled: true, networkConnectionEnabled: false, pageLoadStrategy: normal, platform: MAC, platformName: MAC, proxy: Proxy(), setWindowRect: true, strictFileInteractability: false, timeouts: {implicit: 0, pageLoad: 300000, script: 30000}, unhandledPromptBehavior: dismiss and notify, webauthn:extension:credBlob: true, webauthn:extension:largeBlob: true, webauthn:virtualAuthenticators: true}
Session ID: 5f586995b1367fe8b270e53ef8d10f5c" type="org.openqa.selenium.ElementClickInterceptedException">
      <![CDATA[org.openqa.selenium.ElementClickInterceptedException: element click intercepted: Element <span class="dx-button-text">...</span> is not clickable at point (104, 627). Other element would receive the click: <div class="preloader flex-column justify-content-center align-items-center" style="height: 0px;">...</div>
  (Session info: chrome=102.0.5005.115)
Build info: version: '3.14.0', revision: 'aacccce0', time: '2018-08-02T20:19:58.91Z'
System info: host: 'MonaMac', ip: 'fe80:0:0:0:1c9e:8bfa:3b9f:9c0%en0', os.name: 'Mac OS X', os.arch: 'x86_64', os.version: '10.12.4', java.version: '15.0.2'
Driver info: org.openqa.selenium.chrome.ChromeDriver
Capabilities {acceptInsecureCerts: false, browserName: chrome, browserVersion: 102.0.5005.115, chrome: {chromedriverVersion: 102.0.5005.61 (0e59bcc00cc4..., userDataDir: /var/folders/nc/n48rv_690fx...}, goog:chromeOptions: {debuggerAddress: localhost:55463}, javascriptEnabled: true, networkConnectionEnabled: false, pageLoadStrategy: normal, platform: MAC, platformName: MAC, proxy: Proxy(), setWindowRect: true, strictFileInteractability: false, timeouts: {implicit: 0, pageLoad: 300000, script: 30000}, unhandledPromptBehavior: dismiss and notify, webauthn:extension:credBlob: true, webauthn:extension:largeBlob: true, webauthn:virtualAuthenticators: true}
Session ID: 5f586995b1367fe8b270e53ef8d10f5c
	at java.base/jdk.internal.reflect.NativeConstructorAccessorImpl.newInstance0(Native Method)
	at java.base/jdk.internal.reflect.NativeConstructorAccessorImpl.newInstance(NativeConstructorAccessorImpl.java:64)
	at java.base/jdk.internal.reflect.DelegatingConstructorAccessorImpl.newInstance(DelegatingConstructorAccessorImpl.java:45)
	at java.base/java.lang.reflect.Constructor.newInstanceWithCaller(Constructor.java:500)
	at java.base/java.lang.reflect.Constructor.newInstance(Constructor.java:481)
	at org.openqa.selenium.remote.http.W3CHttpResponseCodec.createException(W3CHttpResponseCodec.java:187)
	at org.openqa.selenium.remote.http.W3CHttpResponseCodec.decode(W3CHttpResponseCodec.java:122)
	at org.openqa.selenium.remote.http.W3CHttpResponseCodec.decode(W3CHttpResponseCodec.java:49)
	at org.openqa.selenium.remote.HttpCommandExecutor.execute(HttpCommandExecutor.java:158)
	at org.openqa.selenium.remote.service.DriverCommandExecutor.execute(DriverCommandExecutor.java:83)
	at org.openqa.selenium.remote.RemoteWebDriver.execute(RemoteWebDriver.java:548)
	at org.openqa.selenium.remote.RemoteWebElement.execute(RemoteWebElement.java:276)
	at org.openqa.selenium.remote.RemoteWebElement.click(RemoteWebElement.java:83)
	at com.cloudmiracle.qa.utility.TestUtil.getElement(TestUtil.java:82)
	at com.cloudmiracle.qa.pages.CompanyListPage.validateAddBtnFunctionality(CompanyListPage.java:139)
	at com.cloudmiracle.qa.testcases.CompanyListPageTestcases.verifyAddBtnFunctionality(CompanyListPageTestcases.java:94)
	at java.base/jdk.internal.reflect.NativeMethodAccessorImpl.invoke0(Native Method)
	at java.base/jdk.internal.reflect.NativeMethodAccessorImpl.invoke(NativeMethodAccessorImpl.java:64)
	at java.base/jdk.internal.reflect.DelegatingMethodAccessorImpl.invoke(DelegatingMethodAccessorImpl.java:43)
	at java.base/java.lang.reflect.Method.invoke(Method.java:564)
	at org.testng.internal.MethodInvocationHelper.invokeMethod(MethodInvocationHelper.java:108)
	at org.testng.internal.Invoker.invokeMethod(Invoker.java:661)
	at org.testng.internal.Invoker.invokeTestMethod(Invoker.java:869)
	at org.testng.internal.Invoker.invokeTestMethods(Invoker.java:1193)
	at org.testng.internal.TestMethodWorker.invokeTestMethods(TestMethodWorker.java:126)
	at org.testng.internal.TestMethodWorker.run(TestMethodWorker.java:109)
	at org.testng.TestRunner.privateRun(TestRunner.java:744)
	at org.testng.TestRunner.run(TestRunner.java:602)
	at org.testng.SuiteRunner.runTest(SuiteRunner.java:380)
	at org.testng.SuiteRunner.runSequentially(SuiteRunner.java:375)
	at org.testng.SuiteRunner.privateRun(SuiteRunner.java:340)
	at org.testng.SuiteRunner.run(SuiteRunner.java:289)
	at org.testng.SuiteRunnerWorker.runSuite(SuiteRunnerWorker.java:52)
	at org.testng.SuiteRunnerWorker.run(SuiteRunnerWorker.java:86)
	at org.testng.TestNG.runSuitesSequentially(TestNG.java:1301)
	at org.testng.TestNG.runSuitesLocally(TestNG.java:1226)
	at org.testng.TestNG.runSuites(TestNG.java:1144)
	at org.testng.TestNG.run(TestNG.java:1115)
	at org.testng.remote.AbstractRemoteTestNG.run(AbstractRemoteTestNG.java:115)
	at org.testng.remote.RemoteTestNG.initAndRun(RemoteTestNG.java:251)
	at org.testng.remote.RemoteTestNG.main(RemoteTestNG.java:77)
]]>
    </error>
  </testcase> <!-- verifyAddBtnFunctionality -->
  <testcase classname="com.cloudmiracle.qa.testcases.CompanyListPageTestcases" name="verifyEditBtnFunctionality" time="25.050"/>
  <testcase classname="com.cloudmiracle.qa.testcases.CompanyListPageTestcases" name="verifyDeleteBtnFunctionality" time="22.292"/>
  <testcase classname="com.cloudmiracle.qa.testcases.CompanyListPageTestcases" name="verifyCmpDetailsAllTabElements" time="23.687"/>
  <testcase classname="com.cloudmiracle.qa.testcases.CompanyListPageTestcases" name="verifyCmpDetailsLegendsElements" time="24.742"/>
  <testcase classname="com.cloudmiracle.qa.testcases.CompanyListPageTestcases" name="verifyCmpDetailsAllButtonsElements" time="23.371"/>
  <testcase classname="com.cloudmiracle.qa.testcases.CompanyListPageTestcases" name="verifyCloseBtnElement" time="24.321"/>
  <testcase classname="com.cloudmiracle.qa.testcases.CompanyListPageTestcases" name="verifytoAddNewCompanyDetailsFunctionality" time="24.920"/>
  <testcase classname="com.cloudmiracle.qa.testcases.CompanyListPageTestcases" name="verifytoAddNewCompanyDetailsFunctionality" time="23.833"/>
  <testcase classname="com.cloudmiracle.qa.testcases.CompanyListPageTestcases" name="verifyLogoutFunctionality" time="12.637"/>
</testsuite> <!-- com.cloudmiracle.qa.testcases.CompanyListPageTestcases -->
