<?xml version="1.0" encoding="UTF-8"?>
<!-- Generated by org.testng.reporters.JUnitReportReporter -->
<testsuite skipped="17" hostname="MonaMac.local" name="com.cloudmiracle.qa.testcases.CompanyListPageTestcases" tests="21" failures="0" timestamp="20 Jun 2022 04:52:51 GMT" time="53.270" errors="1">
  <testcase name="setup" time="13.329" classname="com.cloudmiracle.qa.testcases.CompanyListPageTestcases">
    <error type="org.openqa.selenium.NoSuchWindowException" message="no such window: target window already closed
from unknown error: web view not found
  (Session info: chrome=102.0.5005.115)
Build info: version: &#039;3.14.0&#039;, revision: &#039;aacccce0&#039;, time: &#039;2018-08-02T20:19:58.91Z&#039;
System info: host: &#039;MonaMac.local&#039;, ip: &#039;fe80:0:0:0:f8:1954:ba67:77a9%en0&#039;, os.name: &#039;Mac OS X&#039;, os.arch: &#039;x86_64&#039;, os.version: &#039;10.12.4&#039;, java.version: &#039;1.8.0_111&#039;
Driver info: org.openqa.selenium.chrome.ChromeDriver
Capabilities {acceptInsecureCerts: false, browserName: chrome, browserVersion: 102.0.5005.115, chrome: {chromedriverVersion: 102.0.5005.61 (0e59bcc00cc4..., userDataDir: /var/folders/nc/n48rv_690fx...}, goog:chromeOptions: {debuggerAddress: localhost:49705}, javascriptEnabled: true, networkConnectionEnabled: false, pageLoadStrategy: normal, platform: MAC, platformName: MAC, proxy: Proxy(), setWindowRect: true, strictFileInteractability: false, timeouts: {implicit: 0, pageLoad: 300000, script: 30000}, unhandledPromptBehavior: dismiss and notify, webauthn:extension:credBlob: true, webauthn:extension:largeBlob: true, webauthn:virtualAuthenticators: true}
Session ID: 0098026cb0ce74f338016c789d302e67
*** Element info: {Using=name, value=txtUserName}">
      <![CDATA[org.openqa.selenium.NoSuchWindowException: no such window: target window already closed
from unknown error: web view not found
  (Session info: chrome=102.0.5005.115)
Build info: version: '3.14.0', revision: 'aacccce0', time: '2018-08-02T20:19:58.91Z'
System info: host: 'MonaMac.local', ip: 'fe80:0:0:0:f8:1954:ba67:77a9%en0', os.name: 'Mac OS X', os.arch: 'x86_64', os.version: '10.12.4', java.version: '1.8.0_111'
Driver info: org.openqa.selenium.chrome.ChromeDriver
Capabilities {acceptInsecureCerts: false, browserName: chrome, browserVersion: 102.0.5005.115, chrome: {chromedriverVersion: 102.0.5005.61 (0e59bcc00cc4..., userDataDir: /var/folders/nc/n48rv_690fx...}, goog:chromeOptions: {debuggerAddress: localhost:49705}, javascriptEnabled: true, networkConnectionEnabled: false, pageLoadStrategy: normal, platform: MAC, platformName: MAC, proxy: Proxy(), setWindowRect: true, strictFileInteractability: false, timeouts: {implicit: 0, pageLoad: 300000, script: 30000}, unhandledPromptBehavior: dismiss and notify, webauthn:extension:credBlob: true, webauthn:extension:largeBlob: true, webauthn:virtualAuthenticators: true}
Session ID: 0098026cb0ce74f338016c789d302e67
*** Element info: {Using=name, value=txtUserName}
	at sun.reflect.NativeConstructorAccessorImpl.newInstance0(Native Method)
	at sun.reflect.NativeConstructorAccessorImpl.newInstance(NativeConstructorAccessorImpl.java:62)
	at sun.reflect.DelegatingConstructorAccessorImpl.newInstance(DelegatingConstructorAccessorImpl.java:45)
	at java.lang.reflect.Constructor.newInstance(Constructor.java:423)
	at org.openqa.selenium.remote.http.W3CHttpResponseCodec.createException(W3CHttpResponseCodec.java:187)
	at org.openqa.selenium.remote.http.W3CHttpResponseCodec.decode(W3CHttpResponseCodec.java:122)
	at org.openqa.selenium.remote.http.W3CHttpResponseCodec.decode(W3CHttpResponseCodec.java:49)
	at org.openqa.selenium.remote.HttpCommandExecutor.execute(HttpCommandExecutor.java:158)
	at org.openqa.selenium.remote.service.DriverCommandExecutor.execute(DriverCommandExecutor.java:83)
	at org.openqa.selenium.remote.RemoteWebDriver.execute(RemoteWebDriver.java:548)
	at org.openqa.selenium.remote.RemoteWebDriver.findElement(RemoteWebDriver.java:322)
	at org.openqa.selenium.remote.RemoteWebDriver.findElementByName(RemoteWebDriver.java:400)
	at org.openqa.selenium.By$ByName.findElement(By.java:284)
	at org.openqa.selenium.remote.RemoteWebDriver.findElement(RemoteWebDriver.java:314)
	at org.openqa.selenium.support.pagefactory.DefaultElementLocator.findElement(DefaultElementLocator.java:69)
	at org.openqa.selenium.support.pagefactory.internal.LocatingElementHandler.invoke(LocatingElementHandler.java:38)
	at com.sun.proxy.$Proxy8.sendKeys(Unknown Source)
	at com.cloudmiracle.qa.pages.LoginPage.validateLoginFunctionality(LoginPage.java:97)
	at com.cloudmiracle.qa.testcases.CompanyListPageTestcases.setup(CompanyListPageTestcases.java:32)
	at sun.reflect.NativeMethodAccessorImpl.invoke0(Native Method)
	at sun.reflect.NativeMethodAccessorImpl.invoke(NativeMethodAccessorImpl.java:62)
	at sun.reflect.DelegatingMethodAccessorImpl.invoke(DelegatingMethodAccessorImpl.java:43)
	at java.lang.reflect.Method.invoke(Method.java:498)
	at org.testng.internal.MethodInvocationHelper.invokeMethod(MethodInvocationHelper.java:108)
	at org.testng.internal.Invoker.invokeConfigurationMethod(Invoker.java:523)
	at org.testng.internal.Invoker.invokeConfigurations(Invoker.java:224)
	at org.testng.internal.Invoker.invokeMethod(Invoker.java:599)
	at org.testng.internal.Invoker.invokeTestMethod(Invoker.java:869)
	at org.testng.internal.Invoker.invokeTestMethods(Invoker.java:1193)
	at org.testng.internal.TestMethodWorker.invokeTestMethods(TestMethodWorker.java:126)
	at org.testng.internal.TestMethodWorker.run(TestMethodWorker.java:109)
	at org.testng.TestRunner.privateRun(TestRunner.java:744)
	at org.testng.TestRunner.run(TestRunner.java:602)
	at org.testng.SuiteRunner.runTest(SuiteRunner.java:380)
	at org.testng.SuiteRunner.runSequentially(SuiteRunner.java:375)
	at org.testng.SuiteRunner.privateRun(SuiteRunner.java:340)
	at org.testng.SuiteRunner.run(SuiteRunner.java:289)
	at org.testng.SuiteRunnerWorker.runSuite(SuiteRunnerWorker.java:52)
	at org.testng.SuiteRunnerWorker.run(SuiteRunnerWorker.java:86)
	at org.testng.TestNG.runSuitesSequentially(TestNG.java:1301)
	at org.testng.TestNG.runSuitesLocally(TestNG.java:1226)
	at org.testng.TestNG.runSuites(TestNG.java:1144)
	at org.testng.TestNG.run(TestNG.java:1115)
	at org.apache.maven.surefire.testng.TestNGExecutor.run(TestNGExecutor.java:324)
	at org.apache.maven.surefire.testng.TestNGXmlTestSuite.execute(TestNGXmlTestSuite.java:74)
	at org.apache.maven.surefire.testng.TestNGProvider.invoke(TestNGProvider.java:123)
	at org.apache.maven.surefire.booter.ForkedBooter.runSuitesInProcess(ForkedBooter.java:456)
	at org.apache.maven.surefire.booter.ForkedBooter.execute(ForkedBooter.java:169)
	at org.apache.maven.surefire.booter.ForkedBooter.run(ForkedBooter.java:595)
	at org.apache.maven.surefire.booter.ForkedBooter.main(ForkedBooter.java:581)
]]>
    </error>
  </testcase> <!-- setup -->
  <testcase name="verifyTimeLeftElement" time="11.649" classname="com.cloudmiracle.qa.testcases.CompanyListPageTestcases"/>
  <testcase name="verifyUserNameElement" time="23.362" classname="com.cloudmiracle.qa.testcases.CompanyListPageTestcases"/>
  <testcase name="verifyLogoutElement" time="4.930" classname="com.cloudmiracle.qa.testcases.CompanyListPageTestcases"/>
  <testcase name="verifyCmpListPageCaption" time="0.000" classname="com.cloudmiracle.qa.testcases.CompanyListPageTestcases">
    <skipped/>
  </testcase> <!-- verifyCmpListPageCaption -->
  <testcase name="verifySearchElement" time="0.000" classname="com.cloudmiracle.qa.testcases.CompanyListPageTestcases">
    <skipped/>
  </testcase> <!-- verifySearchElement -->
  <testcase name="verifyCmpListTableHeader" time="0.000" classname="com.cloudmiracle.qa.testcases.CompanyListPageTestcases">
    <skipped/>
  </testcase> <!-- verifyCmpListTableHeader -->
  <testcase name="verifyCmpListTableContent" time="0.000" classname="com.cloudmiracle.qa.testcases.CompanyListPageTestcases">
    <skipped/>
  </testcase> <!-- verifyCmpListTableContent -->
  <testcase name="verifyCmpListPageSizeElement" time="0.000" classname="com.cloudmiracle.qa.testcases.CompanyListPageTestcases">
    <skipped/>
  </testcase> <!-- verifyCmpListPageSizeElement -->
  <testcase name="verifyCmpListTotalPages" time="0.000" classname="com.cloudmiracle.qa.testcases.CompanyListPageTestcases">
    <skipped/>
  </testcase> <!-- verifyCmpListTotalPages -->
  <testcase name="verifyCmpListAllButtonsElement" time="0.000" classname="com.cloudmiracle.qa.testcases.CompanyListPageTestcases">
    <skipped/>
  </testcase> <!-- verifyCmpListAllButtonsElement -->
  <testcase name="verifyAddBtnFunctionality" time="0.000" classname="com.cloudmiracle.qa.testcases.CompanyListPageTestcases">
    <skipped/>
  </testcase> <!-- verifyAddBtnFunctionality -->
  <testcase name="verifyEditBtnFunctionality" time="0.000" classname="com.cloudmiracle.qa.testcases.CompanyListPageTestcases">
    <skipped/>
  </testcase> <!-- verifyEditBtnFunctionality -->
  <testcase name="verifyDeleteBtnFunctionality" time="0.000" classname="com.cloudmiracle.qa.testcases.CompanyListPageTestcases">
    <skipped/>
  </testcase> <!-- verifyDeleteBtnFunctionality -->
  <testcase name="verifyCmpDetailsAllTabElements" time="0.000" classname="com.cloudmiracle.qa.testcases.CompanyListPageTestcases">
    <skipped/>
  </testcase> <!-- verifyCmpDetailsAllTabElements -->
  <testcase name="verifyCmpDetailsLegendsElements" time="0.000" classname="com.cloudmiracle.qa.testcases.CompanyListPageTestcases">
    <skipped/>
  </testcase> <!-- verifyCmpDetailsLegendsElements -->
  <testcase name="verifyCmpDetailsAllButtonsElements" time="0.000" classname="com.cloudmiracle.qa.testcases.CompanyListPageTestcases">
    <skipped/>
  </testcase> <!-- verifyCmpDetailsAllButtonsElements -->
  <testcase name="verifyCloseBtnElement" time="0.000" classname="com.cloudmiracle.qa.testcases.CompanyListPageTestcases">
    <skipped/>
  </testcase> <!-- verifyCloseBtnElement -->
  <testcase name="verifytoAddNewCompanyDetailsFunctionality" time="0.000" classname="com.cloudmiracle.qa.testcases.CompanyListPageTestcases">
    <skipped/>
  </testcase> <!-- verifytoAddNewCompanyDetailsFunctionality -->
  <testcase name="verifytoAddNewCompanyDetailsFunctionality" time="0.000" classname="com.cloudmiracle.qa.testcases.CompanyListPageTestcases">
    <skipped/>
  </testcase> <!-- verifytoAddNewCompanyDetailsFunctionality -->
  <testcase name="verifyLogoutFunctionality" time="0.000" classname="com.cloudmiracle.qa.testcases.CompanyListPageTestcases">
    <skipped/>
  </testcase> <!-- verifyLogoutFunctionality -->
</testsuite> <!-- com.cloudmiracle.qa.testcases.CompanyListPageTestcases -->
